<?xml version="1.0" encoding="UTF-8"?>
<testng-results ignored="0" total="1" passed="0" failed="1" skipped="0">
  <reporter-output>
    <line>
      <![CDATA[Adminwork----->TestScrpt ExecutionStarted]]>
    </line>
  </reporter-output>
  <suite started-at="2023-08-10T12:44:55 IST" name="Default suite" finished-at="2023-08-10T12:45:07 IST" duration-ms="11853">
    <groups>
      <group name="Regression">
        <method signature="AdminworkflowTest.Adminwork()[pri:0, instance:FrameworkusingBaseclass.AdminworkflowTest@f736069]" name="Adminwork" class="FrameworkusingBaseclass.AdminworkflowTest"/>
      </group> <!-- Regression -->
    </groups>
    <test started-at="2023-08-10T12:44:55 IST" name="Default test" finished-at="2023-08-10T12:45:07 IST" duration-ms="11853">
      <class name="FrameworkusingBaseclass.AdminworkflowTest">
        <test-method is-config="true" signature="config_BS()[pri:0, instance:FrameworkusingBaseclass.AdminworkflowTest@f736069]" started-at="2023-08-10T12:44:55 IST" name="config_BS" finished-at="2023-08-10T12:44:55 IST" duration-ms="204" status="PASS">
          <reporter-output>
          </reporter-output>
        </test-method> <!-- config_BS -->
        <test-method is-config="true" signature="config_BC()[pri:0, instance:FrameworkusingBaseclass.AdminworkflowTest@f736069]" started-at="2023-08-10T12:44:55 IST" name="config_BC" finished-at="2023-08-10T12:44:57 IST" duration-ms="1937" status="PASS">
          <reporter-output>
          </reporter-output>
        </test-method> <!-- config_BC -->
        <test-method signature="Adminwork()[pri:0, instance:FrameworkusingBaseclass.AdminworkflowTest@f736069]" started-at="2023-08-10T12:44:57 IST" name="Adminwork" finished-at="2023-08-10T12:45:06 IST" duration-ms="8652" status="FAIL">
          <exception class="java.lang.AssertionError">
            <message>
              <![CDATA[null]]>
            </message>
            <full-stacktrace>
              <![CDATA[java.lang.AssertionError: null
at org.testng.Assert.fail(Assert.java:99)
at org.testng.Assert.fail(Assert.java:106)
at FrameworkusingBaseclass.AdminworkflowTest.Adminwork(AdminworkflowTest.java:73)
at java.base/jdk.internal.reflect.NativeMethodAccessorImpl.invoke0(Native Method)
at java.base/jdk.internal.reflect.NativeMethodAccessorImpl.invoke(NativeMethodAccessorImpl.java:77)
at java.base/jdk.internal.reflect.DelegatingMethodAccessorImpl.invoke(DelegatingMethodAccessorImpl.java:43)
at java.base/java.lang.reflect.Method.invoke(Method.java:568)
at org.testng.internal.MethodInvocationHelper.invokeMethod(MethodInvocationHelper.java:133)
at org.testng.internal.TestInvoker.invokeMethod(TestInvoker.java:598)
at org.testng.internal.TestInvoker.invokeTestMethod(TestInvoker.java:173)
at org.testng.internal.MethodRunner.runInSequence(MethodRunner.java:46)
at org.testng.internal.TestInvoker$MethodInvocationAgent.invoke(TestInvoker.java:824)
at org.testng.internal.TestInvoker.invokeTestMethods(TestInvoker.java:146)
at org.testng.internal.TestMethodWorker.invokeTestMethods(TestMethodWorker.java:146)
at org.testng.internal.TestMethodWorker.run(TestMethodWorker.java:128)
at java.base/java.util.ArrayList.forEach(ArrayList.java:1511)
at org.testng.TestRunner.privateRun(TestRunner.java:794)
at org.testng.TestRunner.run(TestRunner.java:596)
at org.testng.SuiteRunner.runTest(SuiteRunner.java:377)
at org.testng.SuiteRunner.runSequentially(SuiteRunner.java:371)
at org.testng.SuiteRunner.privateRun(SuiteRunner.java:332)
at org.testng.SuiteRunner.run(SuiteRunner.java:276)
at org.testng.SuiteRunnerWorker.runSuite(SuiteRunnerWorker.java:53)
at org.testng.SuiteRunnerWorker.run(SuiteRunnerWorker.java:96)
at org.testng.TestNG.runSuitesSequentially(TestNG.java:1212)
at org.testng.TestNG.runSuitesLocally(TestNG.java:1134)
at org.testng.TestNG.runSuites(TestNG.java:1063)
at org.testng.TestNG.run(TestNG.java:1031)
at org.testng.remote.AbstractRemoteTestNG.run(AbstractRemoteTestNG.java:115)
at org.testng.remote.RemoteTestNG.initAndRun(RemoteTestNG.java:251)
at org.testng.remote.RemoteTestNG.main(RemoteTestNG.java:77)
]]>
            </full-stacktrace>
          </exception> <!-- java.lang.AssertionError -->
          <reporter-output>
            <line>
              <![CDATA[Adminwork----->TestScrpt ExecutionStarted]]>
            </line>
          </reporter-output>
        </test-method> <!-- Adminwork -->
        <test-method is-config="true" signature="config_AC()[pri:0, instance:FrameworkusingBaseclass.AdminworkflowTest@f736069]" started-at="2023-08-10T12:45:07 IST" name="config_AC" finished-at="2023-08-10T12:45:07 IST" duration-ms="136" status="PASS">
          <reporter-output>
          </reporter-output>
        </test-method> <!-- config_AC -->
        <test-method is-config="true" signature="config_AS()[pri:0, instance:FrameworkusingBaseclass.AdminworkflowTest@f736069]" started-at="2023-08-10T12:45:07 IST" name="config_AS" finished-at="2023-08-10T12:45:07 IST" duration-ms="9" status="PASS">
          <reporter-output>
          </reporter-output>
        </test-method> <!-- config_AS -->
      </class> <!-- FrameworkusingBaseclass.AdminworkflowTest -->
    </test> <!-- Default test -->
  </suite> <!-- Default suite -->
</testng-results>
